[debug] [2024-12-28T16:30:17.198Z] ----------------------------------------------------------------------
[debug] [2024-12-28T16:30:17.201Z] Command:       C:\Program Files\nodejs\node.exe C:\Users\Malith Edirisinghe\AppData\Roaming\npm\node_modules\firebase-tools\lib\bin\firebase.js -j
[debug] [2024-12-28T16:30:17.202Z] CLI Version:   13.29.1
[debug] [2024-12-28T16:30:17.202Z] Platform:      win32
[debug] [2024-12-28T16:30:17.202Z] Node Version:  v20.14.0
[debug] [2024-12-28T16:30:17.202Z] Time:          Sat Dec 28 2024 22:00:17 GMT+0530 (India Standard Time)
[debug] [2024-12-28T16:30:17.202Z] ----------------------------------------------------------------------
[debug] 
[debug] [2024-12-28T16:30:17.207Z] TypeError: Cannot read properties of undefined (reading '0')
    at Command.<anonymous> (C:\Users\Malith Edirisinghe\AppData\Roaming\npm\node_modules\firebase-tools\lib\index.js:58:21)
    at Command.listener [as _actionHandler] (C:\Users\Malith Edirisinghe\AppData\Roaming\npm\node_modules\firebase-tools\node_modules\commander\index.js:413:31)
    at Command._parseCommand (C:\Users\Malith Edirisinghe\AppData\Roaming\npm\node_modules\firebase-tools\node_modules\commander\index.js:914:14)
    at Command.parse (C:\Users\Malith Edirisinghe\AppData\Roaming\npm\node_modules\firebase-tools\node_modules\commander\index.js:717:10)
    at Object.<anonymous> (C:\Users\Malith Edirisinghe\AppData\Roaming\npm\node_modules\firebase-tools\lib\bin\firebase.js:133:26)
    at Module._compile (node:internal/modules/cjs/loader:1358:14)
    at Module._extensions..js (node:internal/modules/cjs/loader:1416:10)
    at Module.load (node:internal/modules/cjs/loader:1208:32)
    at Module._load (node:internal/modules/cjs/loader:1024:12)
    at Function.executeUserEntryPoint [as runMain] (node:internal/modules/run_main:174:12)
[error] 
[error] Error: An unexpected error has occurred.
